<?xml version="1.0" encoding="UTF-8"?><testsuite errors="0" failures="0" name="project.mantis.test.ScriptUmTest" skipped="0" tests="5" time="0.0" timestamp="2018-04-108 08:25:20"><testcase classname="project.mantis.test.ScriptUmTest" name="Cenario cinco validacao atualizacao senha da conta"/><testcase classname="project.mantis.test.ScriptUmTest" name="Cenario quatro validar search filter"/><testcase classname="project.mantis.test.ScriptUmTest" name="Cenario tres validar jump pesquis"/><testcase classname="project.mantis.test.ScriptUmTest" name="Cenario dois validacao campos obrigatorio cadastro de bug"/><testcase classname="project.mantis.test.ScriptUmTest" name="Cenario um validacao de acesso ao mantis"/></testsuite>