<?xml version="1.0" encoding="UTF-8"?><testsuite errors="0" failures="0" name="project.mantis.test.ScriptDoisTest" skipped="0" tests="5" time="0.0" timestamp="2018-04-108 08:24:13"><testcase classname="project.mantis.test.ScriptDoisTest" name="Cenario cinco deletar um report bug"/><testcase classname="project.mantis.test.ScriptDoisTest" name="Cenario dois edicao de informacao de um bug"/><testcase classname="project.mantis.test.ScriptDoisTest" name="Cenario um cadastro de um bug"/><testcase classname="project.mantis.test.ScriptDoisTest" name="Cenario quatro status closed"/><testcase classname="project.mantis.test.ScriptDoisTest" name="Cenario tres status confirmed"/></testsuite>